{"level":"debug","message":"Marketplace service started","module":"marketplace","timestamp":"2024-07-29T21:06:29.415Z"}
{"level":"debug","message":"Call service started","module":"calls","timestamp":"2024-07-29T21:06:29.417Z"}
{"level":"debug","message":"Player Service started","module":"player","timestamp":"2024-07-29T21:06:29.418Z"}
{"level":"info","message":"Loading ESX bridge....","timestamp":"2024-07-29T21:06:29.418Z"}
{"level":"info","message":"ESX bridge initialized","timestamp":"2024-07-29T21:06:29.418Z"}
{"level":"debug","message":"Boot service started","module":"boot","timestamp":"2024-07-29T21:06:29.419Z"}
{"level":"debug","message":"Messages service started","module":"messages","timestamp":"2024-07-29T21:06:29.419Z"}
{"level":"debug","message":"Notes service started","module":"notes","timestamp":"2024-07-29T21:06:29.419Z"}
{"level":"debug","message":"Contacts service started","module":"contact","timestamp":"2024-07-29T21:06:29.420Z"}
{"level":"debug","message":"Photo service started","module":"photo","timestamp":"2024-07-29T21:06:29.425Z"}
{"level":"debug","message":"Twitter service started","module":"twitter","timestamp":"2024-07-29T21:06:29.425Z"}
{"level":"debug","message":"Match service started","module":"match","timestamp":"2024-07-29T21:06:29.426Z"}
{"level":"debug","message":"Beginning database schema validation","module":"boot","timestamp":"2024-07-29T21:06:29.848Z"}
{"level":"info","message":"Successfully started","timestamp":"2024-07-29T21:06:29.856Z"}
{"level":"info","message":"Executed query (SELECT COUNT(*) as count\n                       FROM information_schema.tables\n                       WHERE table_schema = ?\n                         AND table_name = ? [\"ESXLegacy\",\"users\"]) in 81.153024ms'","module":"DBInterface","timestamp":"2024-07-29T21:06:29.931Z"}
{"level":"info","message":"Executed query (SHOW COLUMNS IN users []) in 11.471613ms'","module":"DBInterface","timestamp":"2024-07-29T21:06:29.942Z"}
{"level":"debug","message":"Database schema successfully validated","module":"boot","timestamp":"2024-07-29T21:06:29.943Z"}
{"level":"info","message":"Executed query (SELECT phone_number FROM users WHERE identifier = ? LIMIT 1 [\"char1:72c030d7355f348069e117b014b776b88ab6dc4c\"]) in 12.627066ms'","module":"DBInterface","timestamp":"2024-07-29T21:07:09.976Z"}
{"level":"debug","message":"Find user for number generation data >","module":"player","timestamp":"2024-07-29T21:07:09.977Z"}
{"level":"debug","message":[{"phone_number":null}],"module":"player","timestamp":"2024-07-29T21:07:09.977Z"}
{"level":"debug","message":"Phone number was returned as null, generating new number","module":"player","timestamp":"2024-07-29T21:07:09.977Z"}
{"level":"info","message":"Executed query (SELECT EXISTS(SELECT * FROM users WHERE phone_number = ?) [\"385-4183\"]) in 6.712659ms'","module":"DBInterface","timestamp":"2024-07-29T21:07:09.984Z"}
{"level":"debug","message":"Phone number generated > 385-4183","module":"player","timestamp":"2024-07-29T21:07:09.984Z"}
{"level":"info","message":"Executed query (UPDATE users SET phone_number = ? WHERE identifier = ? [\"385-4183\",\"char1:72c030d7355f348069e117b014b776b88ab6dc4c\"]) in 3.085289ms'","module":"DBInterface","timestamp":"2024-07-29T21:07:09.987Z"}
{"level":"info","message":"New NPWD Player added through event (1) (char1:72c030d7355f348069e117b014b776b88ab6dc4c)","module":"player","timestamp":"2024-07-29T21:07:09.988Z"}
{"level":"info","message":"Executed query (SELECT phone_number FROM users WHERE identifier = ? LIMIT 1 [\"char1:72c030d7355f348069e117b014b776b88ab6dc4c\"]) in 19.750897ms'","module":"DBInterface","timestamp":"2024-07-29T21:07:09.989Z"}
{"level":"debug","message":{"_firstname":"Mehoff","_identifier":"char1:72c030d7355f348069e117b014b776b88ab6dc4c","_lastname":"Mehoff","_phoneNumber":"385-4183","source":1,"username":"Kodah"},"module":"player","timestamp":"2024-07-29T21:07:09.988Z"}
{"level":"debug","message":"Find user for number generation data >","module":"player","timestamp":"2024-07-29T21:07:09.989Z"}
{"level":"debug","message":[{"phone_number":"385-4183"}],"module":"player","timestamp":"2024-07-29T21:07:09.989Z"}
{"level":"info","message":"New NPWD Player added through event (1) (char1:72c030d7355f348069e117b014b776b88ab6dc4c)","module":"player","timestamp":"2024-07-29T21:07:09.989Z"}
{"level":"debug","message":{"_firstname":"Jack","_identifier":"char1:72c030d7355f348069e117b014b776b88ab6dc4c","_lastname":"Mehoff","_phoneNumber":"385-4183","source":1,"username":"Kodah"},"module":"player","timestamp":"2024-07-29T21:07:09.989Z"}
{"level":"silly","message":"netPromise > npwd:fetchTweets > RequestObj","module":"events","timestamp":"2024-07-29T21:07:10.089Z"}
{"level":"silly","message":{"data":{"pageId":0},"source":1},"module":"events","timestamp":"2024-07-29T21:07:10.090Z"}
{"level":"info","message":"Executed query (\n        SELECT *\n        FROM npwd_twitter_profiles\n        WHERE identifier = ?\n        LIMIT 1\n\t\t [\"char1:72c030d7355f348069e117b014b776b88ab6dc4c\"]) in 2.615207ms'","module":"DBInterface","timestamp":"2024-07-29T21:07:10.093Z"}
{"level":"warn","message":"Aborted fetching tweets for user char1:72c030d7355f348069e117b014b776b88ab6dc4c because they do not have a profile.","module":"twitter","timestamp":"2024-07-29T21:07:10.093Z"}
{"level":"silly","message":"Response Promise Event npwd:fetchTweets:a402ec9d-f898-4b51-aeb5-5672e526286b (3.786271ms), Data >>","module":"events","timestamp":"2024-07-29T21:07:10.093Z"}
{"level":"silly","message":{"data":[],"status":"ok"},"module":"events","timestamp":"2024-07-29T21:07:10.093Z"}
{"level":"silly","message":"netPromise > npwd:getOrCreateTwitterProfile > RequestObj","module":"events","timestamp":"2024-07-29T21:07:10.190Z"}
{"level":"silly","message":{"data":null,"source":1},"module":"events","timestamp":"2024-07-29T21:07:10.191Z"}
{"level":"silly","message":"netPromise > phone:getMyProfile > RequestObj","module":"events","timestamp":"2024-07-29T21:07:10.191Z"}
{"level":"silly","message":{"data":null,"source":1},"module":"events","timestamp":"2024-07-29T21:07:10.191Z"}
{"level":"silly","message":"netPromise > npwd:fetchMessageGroups > RequestObj","module":"events","timestamp":"2024-07-29T21:07:10.192Z"}
{"level":"silly","message":{"data":null,"source":1},"module":"events","timestamp":"2024-07-29T21:07:10.192Z"}
{"level":"silly","message":"netPromise > npwd-contact-getAll > RequestObj","module":"events","timestamp":"2024-07-29T21:07:10.196Z"}
{"level":"silly","message":{"data":null,"source":1},"module":"events","timestamp":"2024-07-29T21:07:10.196Z"}
{"level":"info","message":"Executed query (\n        SELECT *\n        FROM npwd_twitter_profiles\n        WHERE identifier = ?\n        LIMIT 1\n\t\t [\"char1:72c030d7355f348069e117b014b776b88ab6dc4c\"]) in 8.143594ms'","module":"DBInterface","timestamp":"2024-07-29T21:07:10.199Z"}
{"level":"info","message":"Creating default Twitter profile Jack_Mehoff for char1:72c030d7355f348069e117b014b776b88ab6dc4c","module":"twitter","timestamp":"2024-07-29T21:07:10.200Z"}
{"level":"info","message":"Executed query (\n        SELECT *,\n               UNIX_TIMESTAMP(updatedAt) AS lastActive\n        FROM npwd_match_profiles\n        WHERE identifier = ?\n        LIMIT 1\n\t\t [\"char1:72c030d7355f348069e117b014b776b88ab6dc4c\"]) in 10.29734ms'","module":"DBInterface","timestamp":"2024-07-29T21:07:10.202Z"}
{"level":"info","message":"Creating default match profile Jack Mehoff for char1:72c030d7355f348069e117b014b776b88ab6dc4c","module":"match","timestamp":"2024-07-29T21:07:10.202Z"}
{"level":"info","message":"Executed query (\n        SELECT *,\n               UNIX_TIMESTAMP(updatedAt) AS lastActive\n        FROM npwd_match_profiles\n        WHERE identifier = ?\n        LIMIT 1\n\t\t [\"char1:72c030d7355f348069e117b014b776b88ab6dc4c\"]) in 1.545075ms'","module":"DBInterface","timestamp":"2024-07-29T21:07:10.207Z"}
{"level":"silly","message":"Response Promise Event phone:getMyProfile:66224cdb-7349-4abc-869e-4bfcbae8108c (16.559348ms), Data >>","module":"events","timestamp":"2024-07-29T21:07:10.208Z"}
{"level":"info","message":"Executed query (SELECT npwd_messages_conversations.id,\n                          npwd_messages_conversations.conversation_list         as conversationList,\n                          npwd_messages_participants.unread_count               as unreadCount,\n                          npwd_messages_conversations.is_group_chat             as isGroupChat,\n                          npwd_messages_conversations.label,\n                          UNIX_TIMESTAMP(npwd_messages_conversations.updatedAt) as updatedAt,\n                          npwd_messages_participants.participant\n                   FROM npwd_messages_conversations\n                            INNER JOIN npwd_messages_participants\n                                       on npwd_messages_conversations.id = npwd_messages_participants.conversation_id\n                   WHERE npwd_messages_participants.participant = ? [\"385-4183\"]) in 16.589328ms'","module":"DBInterface","timestamp":"2024-07-29T21:07:10.209Z"}
{"level":"info","message":"Executed query (\n        SELECT *\n        FROM npwd_twitter_profiles\n        WHERE identifier = ?\n        LIMIT 1\n\t\t [\"char1:72c030d7355f348069e117b014b776b88ab6dc4c\"]) in 4.567014ms'","module":"DBInterface","timestamp":"2024-07-29T21:07:10.210Z"}
{"level":"info","message":"Executed query (SELECT * FROM npwd_phone_contacts WHERE identifier = ? ORDER BY display ASC [\"char1:72c030d7355f348069e117b014b776b88ab6dc4c\"]) in 13.969221ms'","module":"DBInterface","timestamp":"2024-07-29T21:07:10.210Z"}
{"level":"silly","message":{"data":{"bio":"","createdAt":"2024-07-29T21:07:10.000Z","id":1,"identifier":"char1:72c030d7355f348069e117b014b776b88ab6dc4c","image":"https://upload.wikimedia.org/wikipedia/commons/a/ac/No_image_available.svg","job":"","lastActive":1722287230,"lastActiveFormatted":"Mon, 29 Jul 2024 21:07:10 GMT","location":"","name":"Jack Mehoff","tagList":[],"tags":"","updatedAt":"2024-07-29T21:07:10.000Z","viewed":false,"voiceMessage":null},"status":"ok"},"module":"events","timestamp":"2024-07-29T21:07:10.208Z"}
{"level":"silly","message":"Response Promise Event npwd:fetchMessageGroups:f23987e5-9efe-42db-a724-1e52650cbd4b (17.025369ms), Data >>","module":"events","timestamp":"2024-07-29T21:07:10.209Z"}
{"level":"silly","message":{"data":[],"status":"ok"},"module":"events","timestamp":"2024-07-29T21:07:10.209Z"}
{"level":"silly","message":"Response Promise Event npwd:getOrCreateTwitterProfile:9818bef7-8df2-4d31-b9ca-221069f299ff (19.479737ms), Data >>","module":"events","timestamp":"2024-07-29T21:07:10.210Z"}
{"level":"silly","message":{"data":{"avatar_url":"https://i.fivemanage.com/images/3ClWwmpwkFhL.png","createdAt":"2024-07-29T21:07:10.000Z","id":1,"identifier":"char1:72c030d7355f348069e117b014b776b88ab6dc4c","profile_name":"Jack_Mehoff","updatedAt":"2024-07-29T21:07:10.000Z"},"status":"ok"},"module":"events","timestamp":"2024-07-29T21:07:10.210Z"}
{"level":"silly","message":"Response Promise Event npwd-contact-getAll:8f8c0b8e-e71c-4abb-b554-4b41b7702501 (14.710823ms), Data >>","module":"events","timestamp":"2024-07-29T21:07:10.211Z"}
{"level":"silly","message":{"data":[],"status":"ok"},"module":"events","timestamp":"2024-07-29T21:07:10.211Z"}
{"level":"info","message":"Executed query (SELECT id FROM npwd_marketplace_listings WHERE identifier = ? [\"char1:72c030d7355f348069e117b014b776b88ab6dc4c\"]) in 19.252936ms'","module":"DBInterface","timestamp":"2024-07-29T21:22:54.289Z"}
{"level":"info","message":"Executed query (DELETE FROM npwd_marketplace_listings WHERE identifier = ? AND reported = 0 [\"char1:72c030d7355f348069e117b014b776b88ab6dc4c\"]) in 1.589264ms'","module":"DBInterface","timestamp":"2024-07-29T21:22:54.291Z"}
{"level":"info","message":"Unloaded NPWD Player, source: (1)","module":"player","timestamp":"2024-07-29T21:22:54.291Z"}
{"level":"info","message":"Executed query (SELECT phone_number FROM users WHERE identifier = ? LIMIT 1 [\"char1:c84d26ca00bb4df0144822288ce7b1ca91d25c0e\"]) in 14.848843ms'","module":"DBInterface","timestamp":"2024-07-29T21:56:56.386Z"}
{"level":"debug","message":"Find user for number generation data >","module":"player","timestamp":"2024-07-29T21:56:56.386Z"}
{"level":"info","message":"Executed query (SELECT phone_number FROM users WHERE identifier = ? LIMIT 1 [\"char1:c84d26ca00bb4df0144822288ce7b1ca91d25c0e\"]) in 11.943285ms'","module":"DBInterface","timestamp":"2024-07-29T21:56:56.386Z"}
{"level":"debug","message":[{"phone_number":null}],"module":"player","timestamp":"2024-07-29T21:56:56.386Z"}
{"level":"debug","message":"Phone number was returned as null, generating new number","module":"player","timestamp":"2024-07-29T21:56:56.386Z"}
{"level":"debug","message":"Find user for number generation data >","module":"player","timestamp":"2024-07-29T21:56:56.386Z"}
{"level":"debug","message":[{"phone_number":null}],"module":"player","timestamp":"2024-07-29T21:56:56.387Z"}
{"level":"debug","message":"Phone number was returned as null, generating new number","module":"player","timestamp":"2024-07-29T21:56:56.387Z"}
{"level":"info","message":"Executed query (SELECT EXISTS(SELECT * FROM users WHERE phone_number = ?) [\"704-1736\"]) in 2.026286ms'","module":"DBInterface","timestamp":"2024-07-29T21:56:56.388Z"}
{"level":"info","message":"Executed query (SELECT EXISTS(SELECT * FROM users WHERE phone_number = ?) [\"888-0361\"]) in 1.684085ms'","module":"DBInterface","timestamp":"2024-07-29T21:56:56.388Z"}
{"level":"debug","message":"Phone number generated > 704-1736","module":"player","timestamp":"2024-07-29T21:56:56.388Z"}
{"level":"debug","message":"Phone number generated > 888-0361","module":"player","timestamp":"2024-07-29T21:56:56.388Z"}
{"level":"info","message":"Executed query (UPDATE users SET phone_number = ? WHERE identifier = ? [\"704-1736\",\"char1:c84d26ca00bb4df0144822288ce7b1ca91d25c0e\"]) in 2.024496ms'","module":"DBInterface","timestamp":"2024-07-29T21:56:56.390Z"}
{"level":"info","message":"New NPWD Player added through event (2) (char1:c84d26ca00bb4df0144822288ce7b1ca91d25c0e)","module":"player","timestamp":"2024-07-29T21:56:56.390Z"}
{"level":"info","message":"Executed query (UPDATE users SET phone_number = ? WHERE identifier = ? [\"888-0361\",\"char1:c84d26ca00bb4df0144822288ce7b1ca91d25c0e\"]) in 2.266957ms'","module":"DBInterface","timestamp":"2024-07-29T21:56:56.391Z"}
{"level":"debug","message":{"_firstname":"Hawk","_identifier":"char1:c84d26ca00bb4df0144822288ce7b1ca91d25c0e","_lastname":"Hawk","_phoneNumber":"704-1736","source":2,"username":"casey"},"module":"player","timestamp":"2024-07-29T21:56:56.391Z"}
{"level":"info","message":"New NPWD Player added through event (2) (char1:c84d26ca00bb4df0144822288ce7b1ca91d25c0e)","module":"player","timestamp":"2024-07-29T21:56:56.391Z"}
{"level":"debug","message":{"_firstname":"Michael","_identifier":"char1:c84d26ca00bb4df0144822288ce7b1ca91d25c0e","_lastname":"Hawk","_phoneNumber":"888-0361","source":2,"username":"casey"},"module":"player","timestamp":"2024-07-29T21:56:56.391Z"}
{"level":"silly","message":"netPromise > npwd:fetchTweets > RequestObj","module":"events","timestamp":"2024-07-29T21:56:56.556Z"}
{"level":"silly","message":{"data":{"pageId":0},"source":2},"module":"events","timestamp":"2024-07-29T21:56:56.556Z"}
{"level":"info","message":"Executed query (\n        SELECT *\n        FROM npwd_twitter_profiles\n        WHERE identifier = ?\n        LIMIT 1\n\t\t [\"char1:c84d26ca00bb4df0144822288ce7b1ca91d25c0e\"]) in 1.267894ms'","module":"DBInterface","timestamp":"2024-07-29T21:56:56.558Z"}
{"level":"warn","message":"Aborted fetching tweets for user char1:c84d26ca00bb4df0144822288ce7b1ca91d25c0e because they do not have a profile.","module":"twitter","timestamp":"2024-07-29T21:56:56.558Z"}
{"level":"silly","message":"Response Promise Event npwd:fetchTweets:e10d5502-4fb3-43c7-ba56-34ccba492a14 (1.925456ms), Data >>","module":"events","timestamp":"2024-07-29T21:56:56.558Z"}
{"level":"silly","message":{"data":[],"status":"ok"},"module":"events","timestamp":"2024-07-29T21:56:56.558Z"}
{"level":"silly","message":"netPromise > npwd:getOrCreateTwitterProfile > RequestObj","module":"events","timestamp":"2024-07-29T21:56:56.707Z"}
{"level":"silly","message":{"data":null,"source":2},"module":"events","timestamp":"2024-07-29T21:56:56.707Z"}
{"level":"silly","message":"netPromise > phone:getMyProfile > RequestObj","module":"events","timestamp":"2024-07-29T21:56:56.707Z"}
{"level":"silly","message":{"data":null,"source":2},"module":"events","timestamp":"2024-07-29T21:56:56.707Z"}
{"level":"silly","message":"netPromise > npwd:fetchMessageGroups > RequestObj","module":"events","timestamp":"2024-07-29T21:56:56.708Z"}
{"level":"silly","message":{"data":null,"source":2},"module":"events","timestamp":"2024-07-29T21:56:56.708Z"}
{"level":"silly","message":"netPromise > npwd-contact-getAll > RequestObj","module":"events","timestamp":"2024-07-29T21:56:56.708Z"}
{"level":"silly","message":{"data":null,"source":2},"module":"events","timestamp":"2024-07-29T21:56:56.708Z"}
{"level":"info","message":"Executed query (\n        SELECT *\n        FROM npwd_twitter_profiles\n        WHERE identifier = ?\n        LIMIT 1\n\t\t [\"char1:c84d26ca00bb4df0144822288ce7b1ca91d25c0e\"]) in 2.328126ms'","module":"DBInterface","timestamp":"2024-07-29T21:56:56.710Z"}
{"level":"info","message":"Creating default Twitter profile Michael_Hawk for char1:c84d26ca00bb4df0144822288ce7b1ca91d25c0e","module":"twitter","timestamp":"2024-07-29T21:56:56.710Z"}
{"level":"silly","message":"Response Promise Event npwd:fetchMessageGroups:fe7b9e98-82b9-462f-a5f2-cd4c35d4102b (3.260709ms), Data >>","module":"events","timestamp":"2024-07-29T21:56:56.711Z"}
{"level":"silly","message":{"data":[],"status":"ok"},"module":"events","timestamp":"2024-07-29T21:56:56.711Z"}
{"level":"info","message":"Executed query (SELECT npwd_messages_conversations.id,\n                          npwd_messages_conversations.conversation_list         as conversationList,\n                          npwd_messages_participants.unread_count               as unreadCount,\n                          npwd_messages_conversations.is_group_chat             as isGroupChat,\n                          npwd_messages_conversations.label,\n                          UNIX_TIMESTAMP(npwd_messages_conversations.updatedAt) as updatedAt,\n                          npwd_messages_participants.participant\n                   FROM npwd_messages_conversations\n                            INNER JOIN npwd_messages_participants\n                                       on npwd_messages_conversations.id = npwd_messages_participants.conversation_id\n                   WHERE npwd_messages_participants.participant = ? [\"888-0361\"]) in 3.049879ms'","module":"DBInterface","timestamp":"2024-07-29T21:56:56.711Z"}
{"level":"info","message":"Executed query (\n        SELECT *,\n               UNIX_TIMESTAMP(updatedAt) AS lastActive\n        FROM npwd_match_profiles\n        WHERE identifier = ?\n        LIMIT 1\n\t\t [\"char1:c84d26ca00bb4df0144822288ce7b1ca91d25c0e\"]) in 5.325706ms'","module":"DBInterface","timestamp":"2024-07-29T21:56:56.713Z"}
{"level":"info","message":"Creating default match profile Michael Hawk for char1:c84d26ca00bb4df0144822288ce7b1ca91d25c0e","module":"match","timestamp":"2024-07-29T21:56:56.713Z"}
{"level":"info","message":"Executed query (SELECT * FROM npwd_phone_contacts WHERE identifier = ? ORDER BY display ASC [\"char1:c84d26ca00bb4df0144822288ce7b1ca91d25c0e\"]) in 5.694197ms'","module":"DBInterface","timestamp":"2024-07-29T21:56:56.714Z"}
{"level":"silly","message":"Response Promise Event npwd-contact-getAll:2f896d84-258b-41b8-9e6a-4110522b2eea (5.901897ms), Data >>","module":"events","timestamp":"2024-07-29T21:56:56.714Z"}
{"level":"silly","message":{"data":[],"status":"ok"},"module":"events","timestamp":"2024-07-29T21:56:56.714Z"}
{"level":"info","message":"Executed query (\n        SELECT *\n        FROM npwd_twitter_profiles\n        WHERE identifier = ?\n        LIMIT 1\n\t\t [\"char1:c84d26ca00bb4df0144822288ce7b1ca91d25c0e\"]) in 2.245206ms'","module":"DBInterface","timestamp":"2024-07-29T21:56:56.714Z"}
{"level":"silly","message":"Response Promise Event npwd:getOrCreateTwitterProfile:229664a2-297c-4256-8f4c-4f51ad553ea9 (7.613832ms), Data >>","module":"events","timestamp":"2024-07-29T21:56:56.715Z"}
{"level":"silly","message":{"data":{"avatar_url":"https://i.fivemanage.com/images/3ClWwmpwkFhL.png","createdAt":"2024-07-29T21:56:56.000Z","id":2,"identifier":"char1:c84d26ca00bb4df0144822288ce7b1ca91d25c0e","profile_name":"Michael_Hawk","updatedAt":"2024-07-29T21:56:56.000Z"},"status":"ok"},"module":"events","timestamp":"2024-07-29T21:56:56.715Z"}
{"level":"info","message":"Executed query (\n        SELECT *,\n               UNIX_TIMESTAMP(updatedAt) AS lastActive\n        FROM npwd_match_profiles\n        WHERE identifier = ?\n        LIMIT 1\n\t\t [\"char1:c84d26ca00bb4df0144822288ce7b1ca91d25c0e\"]) in 0.470162ms'","module":"DBInterface","timestamp":"2024-07-29T21:56:56.716Z"}
{"level":"silly","message":"Response Promise Event phone:getMyProfile:1b58833e-26c3-4843-a1db-1b6ea096d674 (8.454594ms), Data >>","module":"events","timestamp":"2024-07-29T21:56:56.716Z"}
{"level":"silly","message":{"data":{"bio":"","createdAt":"2024-07-29T21:56:56.000Z","id":2,"identifier":"char1:c84d26ca00bb4df0144822288ce7b1ca91d25c0e","image":"https://upload.wikimedia.org/wikipedia/commons/a/ac/No_image_available.svg","job":"","lastActive":1722290216,"lastActiveFormatted":"Mon, 29 Jul 2024 21:56:56 GMT","location":"","name":"Michael Hawk","tagList":[],"tags":"","updatedAt":"2024-07-29T21:56:56.000Z","viewed":false,"voiceMessage":null},"status":"ok"},"module":"events","timestamp":"2024-07-29T21:56:56.716Z"}
{"level":"info","message":"Executed query (SELECT id FROM npwd_marketplace_listings WHERE identifier = ? [\"char1:c84d26ca00bb4df0144822288ce7b1ca91d25c0e\"]) in 7.465121ms'","module":"DBInterface","timestamp":"2024-07-29T21:59:44.084Z"}
{"level":"info","message":"Executed query (DELETE FROM npwd_marketplace_listings WHERE identifier = ? AND reported = 0 [\"char1:c84d26ca00bb4df0144822288ce7b1ca91d25c0e\"]) in 1.868736ms'","module":"DBInterface","timestamp":"2024-07-29T21:59:44.086Z"}
{"level":"info","message":"Unloaded NPWD Player, source: (2)","module":"player","timestamp":"2024-07-29T21:59:44.088Z"}
{"level":"info","message":"Executed query (SELECT phone_number FROM users WHERE identifier = ? LIMIT 1 [\"char1:c84d26ca00bb4df0144822288ce7b1ca91d25c0e\"]) in 3.44644ms'","module":"DBInterface","timestamp":"2024-07-29T22:12:13.696Z"}
{"level":"debug","message":"Find user for number generation data >","module":"player","timestamp":"2024-07-29T22:12:13.697Z"}
{"level":"info","message":"Executed query (SELECT phone_number FROM users WHERE identifier = ? LIMIT 1 [\"char1:c84d26ca00bb4df0144822288ce7b1ca91d25c0e\"]) in 10.527881ms'","module":"DBInterface","timestamp":"2024-07-29T22:12:13.697Z"}
{"level":"debug","message":[{"phone_number":"888-0361"}],"module":"player","timestamp":"2024-07-29T22:12:13.697Z"}
{"level":"info","message":"New NPWD Player added through event (3) (char1:c84d26ca00bb4df0144822288ce7b1ca91d25c0e)","module":"player","timestamp":"2024-07-29T22:12:13.697Z"}
{"level":"debug","message":{"_firstname":"Michael","_identifier":"char1:c84d26ca00bb4df0144822288ce7b1ca91d25c0e","_lastname":"Hawk","_phoneNumber":"888-0361","source":3,"username":"casey"},"module":"player","timestamp":"2024-07-29T22:12:13.697Z"}
{"level":"debug","message":"Find user for number generation data >","module":"player","timestamp":"2024-07-29T22:12:13.697Z"}
{"level":"debug","message":[{"phone_number":"888-0361"}],"module":"player","timestamp":"2024-07-29T22:12:13.697Z"}
{"level":"info","message":"New NPWD Player added through event (3) (char1:c84d26ca00bb4df0144822288ce7b1ca91d25c0e)","module":"player","timestamp":"2024-07-29T22:12:13.697Z"}
{"level":"debug","message":{"_firstname":"Hawk","_identifier":"char1:c84d26ca00bb4df0144822288ce7b1ca91d25c0e","_lastname":"Hawk","_phoneNumber":"888-0361","source":3,"username":"casey"},"module":"player","timestamp":"2024-07-29T22:12:13.697Z"}
{"level":"silly","message":"netPromise > npwd:fetchTweets > RequestObj","module":"events","timestamp":"2024-07-29T22:12:13.770Z"}
{"level":"silly","message":{"data":{"pageId":0},"source":3},"module":"events","timestamp":"2024-07-29T22:12:13.770Z"}
{"level":"info","message":"Executed query (\n        SELECT *\n        FROM npwd_twitter_profiles\n        WHERE identifier = ?\n        LIMIT 1\n\t\t [\"char1:c84d26ca00bb4df0144822288ce7b1ca91d25c0e\"]) in 2.440037ms'","module":"DBInterface","timestamp":"2024-07-29T22:12:13.773Z"}
{"level":"info","message":"Executed query (\n        SELECT \n  npwd_twitter_tweets.id,\n  npwd_twitter_tweets.identifier,\n  npwd_twitter_profiles.id AS profile_id,\n  npwd_twitter_profiles.profile_name,\n  npwd_twitter_profiles.avatar_url,\n  npwd_twitter_tweets.likes,\n  npwd_twitter_tweets.visible,\n  IFNULL(COALESCE(retweets.message, npwd_twitter_tweets.message), '') AS message,\n  IFNULL(COALESCE(retweets.images, npwd_twitter_tweets.images), '') AS images,\n  npwd_twitter_tweets.retweet IS NOT NULL AS isRetweet,\n  retweets.id AS retweetId,\n  retweets_profiles.profile_name AS retweetProfileName,\n  retweets_profiles.avatar_url AS retweetAvatarUrl,\n  npwd_twitter_likes.id IS NOT NULL AS isLiked,\n  npwd_twitter_reports.id IS NOT NULL AS isReported,\n  npwd_twitter_tweets.createdAt,\n  npwd_twitter_tweets.updatedAt,\n  TIME_TO_SEC(TIMEDIFF( NOW(), npwd_twitter_tweets.createdAt)) AS seconds_since_tweet\n\n        FROM npwd_twitter_tweets\n                 LEFT OUTER JOIN npwd_twitter_profiles\n                                 ON npwd_twitter_tweets.identifier = npwd_twitter_profiles.identifier\n                 LEFT OUTER JOIN npwd_twitter_likes ON npwd_twitter_tweets.id = npwd_twitter_likes.tweet_id AND\n                                                       npwd_twitter_likes.profile_id = ?\n                 LEFT OUTER JOIN npwd_twitter_reports ON npwd_twitter_tweets.id = npwd_twitter_reports.tweet_id AND\n                                                         npwd_twitter_reports.profile_id = ?\n                 LEFT OUTER JOIN npwd_twitter_tweets AS retweets ON retweets.id = npwd_twitter_tweets.retweet\n                 LEFT OUTER JOIN npwd_twitter_profiles AS retweets_profiles\n                                 ON retweets.identifier = retweets_profiles.identifier\n        WHERE npwd_twitter_tweets.visible = 1\n        ORDER BY id DESC\n        LIMIT ? OFFSET ?\n\t\t [2,2,\"25\",\"0\"]) in 2.624798ms'","module":"DBInterface","timestamp":"2024-07-29T22:12:13.776Z"}
{"level":"silly","message":"Response Promise Event npwd:fetchTweets:73486a6f-cc62-4834-80a4-df90a55b8dbb (6.074087ms), Data >>","module":"events","timestamp":"2024-07-29T22:12:13.776Z"}
{"level":"silly","message":{"data":[],"status":"ok"},"module":"events","timestamp":"2024-07-29T22:12:13.776Z"}
{"level":"silly","message":"netPromise > npwd:getOrCreateTwitterProfile > RequestObj","module":"events","timestamp":"2024-07-29T22:12:13.918Z"}
{"level":"silly","message":{"data":null,"source":3},"module":"events","timestamp":"2024-07-29T22:12:13.919Z"}
{"level":"silly","message":"netPromise > phone:getMyProfile > RequestObj","module":"events","timestamp":"2024-07-29T22:12:13.919Z"}
{"level":"silly","message":{"data":null,"source":3},"module":"events","timestamp":"2024-07-29T22:12:13.919Z"}
{"level":"silly","message":"netPromise > npwd:fetchMessageGroups > RequestObj","module":"events","timestamp":"2024-07-29T22:12:13.919Z"}
{"level":"silly","message":{"data":null,"source":3},"module":"events","timestamp":"2024-07-29T22:12:13.919Z"}
{"level":"silly","message":"netPromise > npwd-contact-getAll > RequestObj","module":"events","timestamp":"2024-07-29T22:12:13.920Z"}
{"level":"silly","message":{"data":null,"source":3},"module":"events","timestamp":"2024-07-29T22:12:13.920Z"}
{"level":"info","message":"Executed query (\n        SELECT *\n        FROM npwd_twitter_profiles\n        WHERE identifier = ?\n        LIMIT 1\n\t\t [\"char1:c84d26ca00bb4df0144822288ce7b1ca91d25c0e\"]) in 2.910928ms'","module":"DBInterface","timestamp":"2024-07-29T22:12:13.922Z"}
{"level":"silly","message":"Response Promise Event npwd:getOrCreateTwitterProfile:b5d26966-21fb-4ca7-bdc5-04fc59100f9f (3.476641ms), Data >>","module":"events","timestamp":"2024-07-29T22:12:13.922Z"}
{"level":"silly","message":{"data":{"avatar_url":"https://i.fivemanage.com/images/3ClWwmpwkFhL.png","createdAt":"2024-07-29T21:56:56.000Z","id":2,"identifier":"char1:c84d26ca00bb4df0144822288ce7b1ca91d25c0e","profile_name":"Michael_Hawk","updatedAt":"2024-07-29T21:56:56.000Z"},"status":"ok"},"module":"events","timestamp":"2024-07-29T22:12:13.922Z"}
{"level":"info","message":"Executed query (\n        SELECT *,\n               UNIX_TIMESTAMP(updatedAt) AS lastActive\n        FROM npwd_match_profiles\n        WHERE identifier = ?\n        LIMIT 1\n\t\t [\"char1:c84d26ca00bb4df0144822288ce7b1ca91d25c0e\"]) in 4.753564ms'","module":"DBInterface","timestamp":"2024-07-29T22:12:13.924Z"}
{"level":"silly","message":"Response Promise Event phone:getMyProfile:bd8dadd9-b01d-40df-b9d6-1bec6db57a2f (5.568706ms), Data >>","module":"events","timestamp":"2024-07-29T22:12:13.925Z"}
{"level":"silly","message":{"data":{"bio":"","createdAt":"2024-07-29T21:56:56.000Z","id":2,"identifier":"char1:c84d26ca00bb4df0144822288ce7b1ca91d25c0e","image":"https://upload.wikimedia.org/wikipedia/commons/a/ac/No_image_available.svg","job":"","lastActive":1722290216,"lastActiveFormatted":"Mon, 29 Jul 2024 21:56:56 GMT","location":"","name":"Michael Hawk","tagList":[],"tags":"","updatedAt":"2024-07-29T21:56:56.000Z","viewed":false,"voiceMessage":null},"status":"ok"},"module":"events","timestamp":"2024-07-29T22:12:13.925Z"}
{"level":"info","message":"Executed query (SELECT * FROM npwd_phone_contacts WHERE identifier = ? ORDER BY display ASC [\"char1:c84d26ca00bb4df0144822288ce7b1ca91d25c0e\"]) in 5.753487ms'","module":"DBInterface","timestamp":"2024-07-29T22:12:13.925Z"}
{"level":"silly","message":"Response Promise Event npwd-contact-getAll:c56acb71-2ffe-4c59-a588-30b6f88fa8b6 (6.015707ms), Data >>","module":"events","timestamp":"2024-07-29T22:12:13.926Z"}
{"level":"silly","message":{"data":[],"status":"ok"},"module":"events","timestamp":"2024-07-29T22:12:13.926Z"}
{"level":"info","message":"Executed query (SELECT npwd_messages_conversations.id,\n                          npwd_messages_conversations.conversation_list         as conversationList,\n                          npwd_messages_participants.unread_count               as unreadCount,\n                          npwd_messages_conversations.is_group_chat             as isGroupChat,\n                          npwd_messages_conversations.label,\n                          UNIX_TIMESTAMP(npwd_messages_conversations.updatedAt) as updatedAt,\n                          npwd_messages_participants.participant\n                   FROM npwd_messages_conversations\n                            INNER JOIN npwd_messages_participants\n                                       on npwd_messages_conversations.id = npwd_messages_participants.conversation_id\n                   WHERE npwd_messages_participants.participant = ? [\"888-0361\"]) in 6.486209ms'","module":"DBInterface","timestamp":"2024-07-29T22:12:13.927Z"}
{"level":"silly","message":"Response Promise Event npwd:fetchMessageGroups:22c933e5-bfe0-424a-bae6-a35d2e7bafa9 (7.764633ms), Data >>","module":"events","timestamp":"2024-07-29T22:12:13.927Z"}
{"level":"silly","message":{"data":[],"status":"ok"},"module":"events","timestamp":"2024-07-29T22:12:13.927Z"}
{"level":"info","message":"Executed query (SELECT phone_number FROM users WHERE identifier = ? LIMIT 1 [\"char1:72c030d7355f348069e117b014b776b88ab6dc4c\"]) in 6.594159ms'","module":"DBInterface","timestamp":"2024-07-29T22:14:35.326Z"}
{"level":"debug","message":"Find user for number generation data >","module":"player","timestamp":"2024-07-29T22:14:35.326Z"}
{"level":"debug","message":[{"phone_number":"385-4183"}],"module":"player","timestamp":"2024-07-29T22:14:35.326Z"}
{"level":"info","message":"New NPWD Player added through event (4) (char1:72c030d7355f348069e117b014b776b88ab6dc4c)","module":"player","timestamp":"2024-07-29T22:14:35.326Z"}
{"level":"debug","message":{"_firstname":"Mehoff","_identifier":"char1:72c030d7355f348069e117b014b776b88ab6dc4c","_lastname":"Mehoff","_phoneNumber":"385-4183","source":4,"username":"Kodah"},"module":"player","timestamp":"2024-07-29T22:14:35.326Z"}
{"level":"info","message":"Executed query (SELECT phone_number FROM users WHERE identifier = ? LIMIT 1 [\"char1:72c030d7355f348069e117b014b776b88ab6dc4c\"]) in 4.600864ms'","module":"DBInterface","timestamp":"2024-07-29T22:14:35.327Z"}
{"level":"debug","message":"Find user for number generation data >","module":"player","timestamp":"2024-07-29T22:14:35.327Z"}
{"level":"debug","message":[{"phone_number":"385-4183"}],"module":"player","timestamp":"2024-07-29T22:14:35.327Z"}
{"level":"info","message":"New NPWD Player added through event (4) (char1:72c030d7355f348069e117b014b776b88ab6dc4c)","module":"player","timestamp":"2024-07-29T22:14:35.327Z"}
{"level":"debug","message":{"_firstname":"Jack","_identifier":"char1:72c030d7355f348069e117b014b776b88ab6dc4c","_lastname":"Mehoff","_phoneNumber":"385-4183","source":4,"username":"Kodah"},"module":"player","timestamp":"2024-07-29T22:14:35.327Z"}
{"level":"silly","message":"netPromise > npwd:fetchTweets > RequestObj","module":"events","timestamp":"2024-07-29T22:14:35.460Z"}
{"level":"silly","message":{"data":{"pageId":0},"source":4},"module":"events","timestamp":"2024-07-29T22:14:35.461Z"}
{"level":"info","message":"Executed query (\n        SELECT *\n        FROM npwd_twitter_profiles\n        WHERE identifier = ?\n        LIMIT 1\n\t\t [\"char1:72c030d7355f348069e117b014b776b88ab6dc4c\"]) in 3.262899ms'","module":"DBInterface","timestamp":"2024-07-29T22:14:35.464Z"}
{"level":"info","message":"Executed query (\n        SELECT \n  npwd_twitter_tweets.id,\n  npwd_twitter_tweets.identifier,\n  npwd_twitter_profiles.id AS profile_id,\n  npwd_twitter_profiles.profile_name,\n  npwd_twitter_profiles.avatar_url,\n  npwd_twitter_tweets.likes,\n  npwd_twitter_tweets.visible,\n  IFNULL(COALESCE(retweets.message, npwd_twitter_tweets.message), '') AS message,\n  IFNULL(COALESCE(retweets.images, npwd_twitter_tweets.images), '') AS images,\n  npwd_twitter_tweets.retweet IS NOT NULL AS isRetweet,\n  retweets.id AS retweetId,\n  retweets_profiles.profile_name AS retweetProfileName,\n  retweets_profiles.avatar_url AS retweetAvatarUrl,\n  npwd_twitter_likes.id IS NOT NULL AS isLiked,\n  npwd_twitter_reports.id IS NOT NULL AS isReported,\n  npwd_twitter_tweets.createdAt,\n  npwd_twitter_tweets.updatedAt,\n  TIME_TO_SEC(TIMEDIFF( NOW(), npwd_twitter_tweets.createdAt)) AS seconds_since_tweet\n\n        FROM npwd_twitter_tweets\n                 LEFT OUTER JOIN npwd_twitter_profiles\n                                 ON npwd_twitter_tweets.identifier = npwd_twitter_profiles.identifier\n                 LEFT OUTER JOIN npwd_twitter_likes ON npwd_twitter_tweets.id = npwd_twitter_likes.tweet_id AND\n                                                       npwd_twitter_likes.profile_id = ?\n                 LEFT OUTER JOIN npwd_twitter_reports ON npwd_twitter_tweets.id = npwd_twitter_reports.tweet_id AND\n                                                         npwd_twitter_reports.profile_id = ?\n                 LEFT OUTER JOIN npwd_twitter_tweets AS retweets ON retweets.id = npwd_twitter_tweets.retweet\n                 LEFT OUTER JOIN npwd_twitter_profiles AS retweets_profiles\n                                 ON retweets.identifier = retweets_profiles.identifier\n        WHERE npwd_twitter_tweets.visible = 1\n        ORDER BY id DESC\n        LIMIT ? OFFSET ?\n\t\t [1,1,\"25\",\"0\"]) in 1.578615ms'","module":"DBInterface","timestamp":"2024-07-29T22:14:35.466Z"}
{"level":"silly","message":"Response Promise Event npwd:fetchTweets:a5b0c4a4-42bd-4903-8144-f439dd746048 (5.400015ms), Data >>","module":"events","timestamp":"2024-07-29T22:14:35.466Z"}
{"level":"silly","message":{"data":[],"status":"ok"},"module":"events","timestamp":"2024-07-29T22:14:35.466Z"}
{"level":"silly","message":"netPromise > npwd:getOrCreateTwitterProfile > RequestObj","module":"events","timestamp":"2024-07-29T22:14:35.561Z"}
{"level":"silly","message":{"data":null,"source":4},"module":"events","timestamp":"2024-07-29T22:14:35.561Z"}
{"level":"silly","message":"netPromise > phone:getMyProfile > RequestObj","module":"events","timestamp":"2024-07-29T22:14:35.561Z"}
{"level":"silly","message":{"data":null,"source":4},"module":"events","timestamp":"2024-07-29T22:14:35.561Z"}
{"level":"silly","message":"netPromise > npwd:fetchMessageGroups > RequestObj","module":"events","timestamp":"2024-07-29T22:14:35.562Z"}
{"level":"silly","message":{"data":null,"source":4},"module":"events","timestamp":"2024-07-29T22:14:35.562Z"}
{"level":"silly","message":"netPromise > npwd-contact-getAll > RequestObj","module":"events","timestamp":"2024-07-29T22:14:35.562Z"}
{"level":"silly","message":{"data":null,"source":4},"module":"events","timestamp":"2024-07-29T22:14:35.563Z"}
{"level":"info","message":"Executed query (\n        SELECT *\n        FROM npwd_twitter_profiles\n        WHERE identifier = ?\n        LIMIT 1\n\t\t [\"char1:72c030d7355f348069e117b014b776b88ab6dc4c\"]) in 3.247139ms'","module":"DBInterface","timestamp":"2024-07-29T22:14:35.564Z"}
{"level":"silly","message":"Response Promise Event npwd:getOrCreateTwitterProfile:42533502-772e-4be9-8d32-fd5ff60b03be (3.902452ms), Data >>","module":"events","timestamp":"2024-07-29T22:14:35.565Z"}
{"level":"silly","message":{"data":{"avatar_url":"https://i.fivemanage.com/images/3ClWwmpwkFhL.png","createdAt":"2024-07-29T21:07:10.000Z","id":1,"identifier":"char1:72c030d7355f348069e117b014b776b88ab6dc4c","profile_name":"Jack_Mehoff","updatedAt":"2024-07-29T21:07:10.000Z"},"status":"ok"},"module":"events","timestamp":"2024-07-29T22:14:35.565Z"}
{"level":"silly","message":"Response Promise Event phone:getMyProfile:0ad9cfdf-77dc-4923-a4a1-f50faabdbf54 (4.228153ms), Data >>","module":"events","timestamp":"2024-07-29T22:14:35.566Z"}
{"level":"silly","message":{"data":{"bio":"","createdAt":"2024-07-29T21:07:10.000Z","id":1,"identifier":"char1:72c030d7355f348069e117b014b776b88ab6dc4c","image":"https://upload.wikimedia.org/wikipedia/commons/a/ac/No_image_available.svg","job":"","lastActive":1722287230,"lastActiveFormatted":"Mon, 29 Jul 2024 21:07:10 GMT","location":"","name":"Jack Mehoff","tagList":[],"tags":"","updatedAt":"2024-07-29T21:07:10.000Z","viewed":false,"voiceMessage":null},"status":"ok"},"module":"events","timestamp":"2024-07-29T22:14:35.566Z"}
{"level":"silly","message":"Response Promise Event npwd-contact-getAll:f2a55d40-c7a8-40b9-972a-fa7df2787d3e (4.663713ms), Data >>","module":"events","timestamp":"2024-07-29T22:14:35.566Z"}
{"level":"silly","message":{"data":[],"status":"ok"},"module":"events","timestamp":"2024-07-29T22:14:35.566Z"}
{"level":"info","message":"Executed query (\n        SELECT *,\n               UNIX_TIMESTAMP(updatedAt) AS lastActive\n        FROM npwd_match_profiles\n        WHERE identifier = ?\n        LIMIT 1\n\t\t [\"char1:72c030d7355f348069e117b014b776b88ab6dc4c\"]) in 3.72719ms'","module":"DBInterface","timestamp":"2024-07-29T22:14:35.565Z"}
{"level":"info","message":"Executed query (SELECT * FROM npwd_phone_contacts WHERE identifier = ? ORDER BY display ASC [\"char1:72c030d7355f348069e117b014b776b88ab6dc4c\"]) in 3.637771ms'","module":"DBInterface","timestamp":"2024-07-29T22:14:35.566Z"}
{"level":"silly","message":"Response Promise Event npwd:fetchMessageGroups:281876ac-1047-4aac-b72f-9882d67b6885 (5.606786ms), Data >>","module":"events","timestamp":"2024-07-29T22:14:35.567Z"}
{"level":"silly","message":{"data":[],"status":"ok"},"module":"events","timestamp":"2024-07-29T22:14:35.567Z"}
{"level":"info","message":"Executed query (SELECT npwd_messages_conversations.id,\n                          npwd_messages_conversations.conversation_list         as conversationList,\n                          npwd_messages_participants.unread_count               as unreadCount,\n                          npwd_messages_conversations.is_group_chat             as isGroupChat,\n                          npwd_messages_conversations.label,\n                          UNIX_TIMESTAMP(npwd_messages_conversations.updatedAt) as updatedAt,\n                          npwd_messages_participants.participant\n                   FROM npwd_messages_conversations\n                            INNER JOIN npwd_messages_participants\n                                       on npwd_messages_conversations.id = npwd_messages_participants.conversation_id\n                   WHERE npwd_messages_participants.participant = ? [\"385-4183\"]) in 5.200695ms'","module":"DBInterface","timestamp":"2024-07-29T22:14:35.567Z"}
{"level":"silly","message":"netPromise > phone:getMatchProfiles > RequestObj","module":"events","timestamp":"2024-07-29T22:14:35.661Z"}
{"level":"silly","message":{"data":null,"source":3},"module":"events","timestamp":"2024-07-29T22:14:35.661Z"}
{"level":"info","message":"Executed query (\n        SELECT npwd_match_profiles.*,\n               UNIX_TIMESTAMP(npwd_match_profiles.updatedAt) AS lastActive,\n               MaxDates.lastSeen,\n               MaxDates.liked\n        FROM npwd_match_profiles\n                 LEFT OUTER JOIN (\n            SELECT id, profile, liked, MAX(createdAt) AS lastSeen\n            FROM npwd_match_views\n            WHERE identifier = ?\n            GROUP BY id, profile, liked\n        ) AS MaxDates ON npwd_match_profiles.id = MaxDates.profile\n        WHERE npwd_match_profiles.identifier != ?\n          AND (MaxDates.lastSeen IS NULL OR MaxDates.lastSeen < NOW() - INTERVAL 7 DAY)\n          AND MaxDates.liked IS NULL\n        ORDER BY npwd_match_profiles.updatedAt DESC\n        LIMIT 25\n\t\t [\"char1:c84d26ca00bb4df0144822288ce7b1ca91d25c0e\",\"char1:c84d26ca00bb4df0144822288ce7b1ca91d25c0e\"]) in 2.000546ms'","module":"DBInterface","timestamp":"2024-07-29T22:14:35.664Z"}
{"level":"silly","message":"Response Promise Event phone:getMatchProfiles:d143a1a6-6d0b-4d13-a28f-45284bc84a15 (2.887518ms), Data >>","module":"events","timestamp":"2024-07-29T22:14:35.664Z"}
{"level":"silly","message":{"data":[{"bio":"","createdAt":"2024-07-29T21:07:10.000Z","id":1,"identifier":"char1:72c030d7355f348069e117b014b776b88ab6dc4c","image":"https://upload.wikimedia.org/wikipedia/commons/a/ac/No_image_available.svg","job":"","lastActive":1722287230,"lastActiveFormatted":"Mon, 29 Jul 2024 21:07:10 GMT","lastSeen":null,"liked":null,"location":"","name":"Jack Mehoff","tagList":[],"tags":"","updatedAt":"2024-07-29T21:07:10.000Z","viewed":false,"voiceMessage":null}],"status":"ok"},"module":"events","timestamp":"2024-07-29T22:14:35.665Z"}
{"level":"info","message":"Executed query (SELECT id FROM npwd_marketplace_listings WHERE identifier = ? [\"char1:72c030d7355f348069e117b014b776b88ab6dc4c\"]) in 9.186837ms'","module":"DBInterface","timestamp":"2024-07-29T22:15:33.447Z"}
{"level":"info","message":"Executed query (DELETE FROM npwd_marketplace_listings WHERE identifier = ? AND reported = 0 [\"char1:72c030d7355f348069e117b014b776b88ab6dc4c\"]) in 1.839426ms'","module":"DBInterface","timestamp":"2024-07-29T22:15:33.449Z"}
{"level":"info","message":"Unloaded NPWD Player, source: (4)","module":"player","timestamp":"2024-07-29T22:15:33.449Z"}
{"level":"silly","message":"netPromise > npwd:fetchAllListings > RequestObj","module":"events","timestamp":"2024-07-29T22:15:33.561Z"}
{"level":"silly","message":{"data":null,"source":3},"module":"events","timestamp":"2024-07-29T22:15:33.561Z"}
{"level":"info","message":"Executed query (SELECT * FROM npwd_marketplace_listings WHERE reported = 0 ORDER BY id DESC []) in 1.765975ms'","module":"DBInterface","timestamp":"2024-07-29T22:15:33.564Z"}
{"level":"silly","message":"Response Promise Event npwd:fetchAllListings:437ed7fc-14cb-4068-b800-e167bfdda5d6 (2.543258ms), Data >>","module":"events","timestamp":"2024-07-29T22:15:33.564Z"}
{"level":"silly","message":{"data":[],"status":"ok"},"module":"events","timestamp":"2024-07-29T22:15:33.564Z"}
{"level":"info","message":"Executed query (SELECT id FROM npwd_marketplace_listings WHERE identifier = ? [\"char1:c84d26ca00bb4df0144822288ce7b1ca91d25c0e\"]) in 7.989643ms'","module":"DBInterface","timestamp":"2024-07-29T22:31:50.656Z"}
{"level":"info","message":"Executed query (DELETE FROM npwd_marketplace_listings WHERE identifier = ? AND reported = 0 [\"char1:c84d26ca00bb4df0144822288ce7b1ca91d25c0e\"]) in 1.716535ms'","module":"DBInterface","timestamp":"2024-07-29T22:31:50.658Z"}
{"level":"info","message":"Unloaded NPWD Player, source: (3)","module":"player","timestamp":"2024-07-29T22:31:50.658Z"}
