
================================================================
======== FXServer Starting - 8/6/2024, 10:35:26 PM              
================================================================
[           resources] Scanning resources.
[           resources] Found 98 resources.
[          svadhesive] Authenticating server license key...
[          svadhesive] Server license key authentication succeeded. Welcome!
[    c-scripting-core] Creating script environments for sessionmanager
Stack overflow in unmanaged: IP: 0x7fdf23290b9f, fault addr: 0x7ffea20089b0
[           resources] Started resource sessionmanager
[    c-scripting-core] Creating script environments for monitor
[      script:monitor] [txAdmin] Resource v7.2.2 threads and commands set up. All Ready.
[           resources] Started resource monitor
[    c-scripting-core] Creating script environments for mapmanager
[           resources] Started resource mapmanager
[    c-scripting-core] Creating script environments for yarn
[           resources] Started resource yarn
[ citizen-server-impl] Running build tasks on resource webpack - it'll restart once completed.
[    c-resources-core] Could not start dependency webpack for resource chat.
[ citizen-server-impl] Couldn't start resource chat.
[           resources] Started resource spawnmanager
[   script:mapmanager] Started gametype Freeroam
[           resources] Started resource basic-gamemode
[    c-scripting-core] Creating script environments for hardcap
[           resources] Started resource hardcap
[    c-scripting-core] Creating script environments for baseevents
[           resources] Started resource baseevents
[    c-scripting-core] Creating script environments for oxmysql
[           resources] Started resource oxmysql
[    c-scripting-core] Creating script environments for qb-core
[           resources] Started resource qb-core
[           resources] Started resource menuv
[    c-scripting-core] Creating script environments for qb-adminmenu
[           resources] Started resource qb-adminmenu
[    c-scripting-core] Creating script environments for qb-ambulancejob
[           resources] Started resource qb-ambulancejob
[           resources] Started resource qb-interior
[    c-scripting-core] Creating script environments for qb-clothing
[           resources] Started resource qb-clothing
[    c-scripting-core] Creating script environments for qb-weathersync
[           resources] Started resource qb-weathersync
[    c-scripting-core] Creating script environments for qb-apartments
[           resources] Started resource qb-apartments
[    c-scripting-core] Creating script environments for qb-banking
[           resources] Started resource qb-banking
[    c-scripting-core] Creating script environments for PolyZone
[           resources] Started resource PolyZone
[    c-scripting-core] Creating script environments for qb-bankrobbery
[           resources] Started resource qb-bankrobbery
[    c-scripting-core] Creating script environments for qb-busjob
[           resources] Started resource qb-busjob
[    c-scripting-core] Creating script environments for qb-cityhall
[           resources] Started resource qb-cityhall
[    c-scripting-core] Creating script environments for qb-crafting
[           resources] Started resource qb-crafting
[           resources] Started resource qb-minigames
[    c-scripting-core] Creating script environments for qb-crypto
[           resources] Started resource qb-crypto
[    c-scripting-core] Creating script environments for qb-diving
[           resources] Started resource qb-diving
[    c-scripting-core] Creating script environments for qb-doorlock
[           resources] Started resource qb-doorlock
[    c-scripting-core] Creating script environments for qb-drugs
[           resources] Started resource qb-drugs
[    c-scripting-core] Creating script environments for qb-garages
[           resources] Started resource qb-garages
[    c-scripting-core] Creating script environments for qb-garbagejob
[           resources] Started resource qb-garbagejob
[    c-scripting-core] Creating script environments for qb-hotdogjob
[           resources] Started resource qb-hotdogjob
[    c-scripting-core] Creating script environments for qb-houserobbery
[           resources] Started resource qb-houserobbery
[    c-scripting-core] Creating script environments for qb-houses
[           resources] Started resource qb-houses
[    c-scripting-core] Creating script environments for qb-hud
[           resources] Started resource qb-hud
[           resources] Started resource qb-input
[    c-scripting-core] Creating script environments for qb-weapons
[           resources] Started resource qb-weapons
[    c-scripting-core] Creating script environments for qb-inventory
[           resources] Started resource qb-inventory
[    c-scripting-core] Creating script environments for qb-jewelery
[           resources] Started resource qb-jewelery
[    c-scripting-core] Creating script environments for qb-lapraces
[           resources] Started resource qb-lapraces
[           resources] Started resource qb-loading
[    c-scripting-core] Creating script environments for qb-management
[           resources] Started resource qb-management
[    c-scripting-core] Creating script environments for qb-mechanicjob
[           resources] Started resource qb-mechanicjob
[           resources] Started resource qb-menu
[    c-scripting-core] Creating script environments for qb-spawn
[           resources] Started resource qb-spawn
[    c-scripting-core] Creating script environments for qb-multicharacter
[           resources] Started resource qb-multicharacter
[    c-scripting-core] Creating script environments for qb-newsjob
[           resources] Started resource qb-newsjob
[    c-scripting-core] Creating script environments for qb-pawnshop
[           resources] Started resource qb-pawnshop
[    c-scripting-core] Creating script environments for qb-phone
[           resources] Started resource qb-phone
[    c-scripting-core] Creating script environments for qb-policejob
[           resources] Started resource qb-policejob
[    c-scripting-core] Creating script environments for qb-prison
[           resources] Started resource qb-prison
[    c-scripting-core] Creating script environments for qb-radialmenu
[           resources] Started resource qb-radialmenu
[    c-scripting-core] Creating script environments for qb-recyclejob
[           resources] Started resource qb-recyclejob
[    c-scripting-core] Creating script environments for qb-scoreboard
[           resources] Started resource qb-scoreboard
[    c-scripting-core] Creating script environments for qb-scrapyard
[           resources] Started resource qb-scrapyard
[    c-scripting-core] Creating script environments for qb-shops
[           resources] Started resource qb-shops
[    c-scripting-core] Creating script environments for qb-smallresources
[           resources] Started resource qb-smallresources
[    c-scripting-core] Creating script environments for qb-storerobbery
[           resources] Started resource qb-storerobbery
[    c-scripting-core] Creating script environments for qb-streetraces
[           resources] Started resource qb-streetraces
[           resources] Started resource qb-target
[    c-scripting-core] Creating script environments for qb-taxijob
[           resources] Started resource qb-taxijob
[    c-scripting-core] Creating script environments for qb-towjob
[           resources] Started resource qb-towjob
[    c-scripting-core] Creating script environments for qb-truckrobbery
[           resources] Started resource qb-truckrobbery
[    c-scripting-core] Creating script environments for qb-vehiclekeys
[           resources] Started resource qb-vehiclekeys
[    c-scripting-core] Creating script environments for qb-vehiclesales
[           resources] Started resource qb-vehiclesales
[    c-scripting-core] Creating script environments for qb-vehicleshop
[           resources] Started resource qb-vehicleshop
[    c-scripting-core] Creating script environments for qb-vineyard
[           resources] Started resource qb-vineyard
[    c-scripting-core] Creating script environments for qb-weed
[           resources] Started resource qb-weed
[    c-scripting-core] Creating script environments for LegacyFuel
[           resources] Started resource LegacyFuel
[           resources] Started resource bob74_ipl
[    c-scripting-core] Creating script environments for connectqueue
[ script:connectqueue] QUEUE:  [connectqueue] Disabling hardcap 
[           resources] Stopping resource hardcap
[           resources] Started resource connectqueue
[    c-scripting-core] Creating script environments for interact-sound
[           resources] Started resource interact-sound
[           resources] Started resource progressbar
[           resources] Started resource safecracker
[ citizen-server-impl] Running build tasks on resource webpack - it'll restart once completed.
[    c-resources-core] Could not start dependency webpack for resource screenshot-basic.
[ citizen-server-impl] Couldn't start resource screenshot-basic.
[    c-scripting-core] Creating script environments for pma-voice
[           resources] Started resource pma-voice
[    c-scripting-core] Creating script environments for qb-radio
[           resources] Started resource qb-radio
[           resources] Started resource dealer_map
[           resources] Started resource hospital_map
[           resources] Started resource prison_canteen
[resources:prison_mai] Asset prison_main/desertos_prison.ytd uses 30.5 MiB of physical memory.
[           resources] Started resource prison_main (1 warning)
[           resources] Started resource prison_meeting
[         script:yarn] [yarn]	yarn install v1.22.5
[         script:yarn] [1/4] Resolving packages...
[         script:yarn] [2/4] Fetching packages...
[   script:mapmanager] Started map fivem-map-hipster
[           resources] Started resource fivem-map-hipster
[      script:oxmysql] [10.5.23-MariaDB-0+deb11u1] Database server connection established!
[         script:yarn] [yarn]	yarn install v1.22.5
[         script:yarn] Error: [yarn]	warning Waiting for the other yarn instance to finish (pid undefined, inside undefined)
[ citizen-server-impl]         fff                          
[ citizen-server-impl]   cccc ff   xx  xx     rr rr    eee  
[ citizen-server-impl] cc     ffff   xx       rrr  r ee   e 
[ citizen-server-impl] cc     ff     xx   ... rr     eeeee  
[ citizen-server-impl]  ccccc ff   xx  xx ... rr      eeeee 
[ citizen-server-impl]                                      
[ citizen-server-impl] Authenticated with cfx.re Nucleus: https://thekodah-k86k37.users.cfx.re/
[         script:yarn] [yarn]	info fsevents@2.3.1: The platform "linux" is incompatible with this module.
[         script:yarn] [yarn]	info "fsevents@2.3.1" is an optional dependency and failed compatibility check. Excluding it from installation.
[         script:yarn] [yarn]	info fsevents@1.2.13: The platform "linux" is incompatible with this module.
[         script:yarn] [yarn]	info "fsevents@1.2.13" is an optional dependency and failed compatibility check. Excluding it from installation.
[         script:yarn] [yarn]	[3/4] Linking dependencies...
[         script:yarn] [yarn]	[4/4] Building fresh packages...
[         script:yarn] Error: [yarn]	warning Ignored scripts due to flag.
[         script:yarn] [yarn]	Done in 5.16s.
[         script:yarn] [yarn]	[1/4] Resolving packages...
[ citizen-server-impl] Build tasks completed - starting resource webpack.
[    c-scripting-core] Creating script environments for webpack
[ citizen-server-impl] Running build tasks on resource chat - it'll restart once completed.
[ citizen-server-impl] Running build tasks on resource screenshot-basic - it'll restart once completed.
[         script:yarn] yarn is currently busy: we are waiting to compile screenshot-basic
[           resources] Started resource webpack
[         script:yarn] [yarn]	success Already up-to-date.
[         script:yarn] [yarn]	Done in 2.72s.
[ citizen-server-impl] Build tasks completed - starting resource webpack.
[         script:yarn] [yarn]	yarn install v1.22.5
[         script:yarn] [yarn]	[1/4] Resolving packages...
[         script:yarn] [yarn]	[2/4] Fetching packages...
[         script:yarn] [yarn]	yarn install v1.22.5
[         script:yarn] Error: [yarn]	warning Waiting for the other yarn instance to finish (pid undefined, inside undefined)
[         script:yarn] [yarn]	info fsevents@1.2.11: The platform "linux" is incompatible with this module.
[         script:yarn] [yarn]	info "fsevents@1.2.11" is an optional dependency and failed compatibility check. Excluding it from installation.
[         script:yarn] [yarn]	[3/4] Linking dependencies...
[         script:yarn] [yarn]	[4/4] Building fresh packages...
[         script:yarn] Error: [yarn]	warning Ignored scripts due to flag.
[         script:yarn] [yarn]	Done in 8.82s.
[         script:yarn] [yarn]	[1/4] Resolving packages...
[      script:webpack] chat: started building webpack.config.js
[         script:yarn] [yarn]	[2/4] Fetching packages...
[ citizen-server-impl] server thread hitch warning: timer interval of 563 milliseconds
[         script:yarn] [yarn]	info fsevents@2.3.1: The platform "linux" is incompatible with this module.
[         script:yarn] [yarn]	info "fsevents@2.3.1" is an optional dependency and failed compatibility check. Excluding it from installation.
[         script:yarn] info fsevents@1.2.13: The platform "linux" is incompatible with this module.
[         script:yarn] info "fsevents@1.2.13" is an optional dependency and failed compatibility check. Excluding it from installation.
[         script:yarn] [yarn]	[3/4] Linking dependencies...
[         script:yarn] [yarn]	[4/4] Building fresh packages...
[         script:yarn] Error: [yarn]	warning Ignored scripts due to flag.
[         script:yarn] [yarn]	Done in 12.19s.
[      script:webpack] webpack is busy: we are waiting to compile screenshot-basic (client.config.js)
[      script:webpack] chat: built webpack.config.js
[ citizen-server-impl] Build tasks completed - starting resource chat.
[    c-scripting-core] Creating script environments for chat
[           resources] Started resource chat
[      script:webpack] screenshot-basic: started building client.config.js
[      script:webpack] webpack is busy: we are waiting to compile screenshot-basic (server.config.js)
[ citizen-server-impl] server thread hitch warning: timer interval of 396 milliseconds
[      script:webpack] screenshot-basic: built client.config.js
[      script:webpack] screenshot-basic: started building server.config.js
[      script:webpack] webpack is busy: we are waiting to compile screenshot-basic (ui.config.js)
[ citizen-server-impl] server thread hitch warning: timer interval of 172 milliseconds
[      script:webpack] webpack is busy: we are waiting to compile screenshot-basic (ui.config.js)
[      script:webpack] screenshot-basic: built server.config.js
[      script:webpack] screenshot-basic: started building ui.config.js
[      script:webpack] screenshot-basic: built ui.config.js
[ citizen-server-impl] Build tasks completed - starting resource screenshot-basic.
[    c-scripting-core] Creating script environments for screenshot-basic
[           resources] Started resource screenshot-basic
[ citizen-server-impl] server thread hitch warning: timer interval of 165 milliseconds
[ script:connectqueue] QUEUE: Kodah[license:72c030d7355f348069e117b014b776b88ab6dc4c] was placed 1/1 in queue
[ script:connectqueue] QUEUE: Kodah[license:72c030d7355f348069e117b014b776b88ab6dc4c] is loading into the server
[ script:connectqueue] QUEUE: Boosted[license:7cd37aa17e0d414469b4dd3af014e110f0c3beb2] was placed 1/1 in queue
[ script:connectqueue] QUEUE: Boosted[license:7cd37aa17e0d414469b4dd3af014e110f0c3beb2] is loading into the server
[      script:qb-core] [qb-core:LOG] Kodah PLAYER SAVED!
[script:qb-multichara] [qb-core] Kodah has successfully loaded!
[      script:qb-core] [qb-core:LOG] Kodah PLAYER SAVED!
[      script:qb-core] [qb-core:LOG] Boosted PLAYER SAVED!
[script:qb-multichara] [qb-core] Boosted has successfully loaded!
[      script:qb-core] [qb-core:LOG] Boosted PLAYER SAVED!
> txaEvent "adminsUpdated" "[1,2]"
[      script:qb-core] [qb-core:LOG] Kodah PLAYER SAVED!
[      script:qb-core] [qb-core:LOG] Boosted PLAYER SAVED!
[    script:qb-crypto] Crypto not found, inserting new record for qbit
[      script:qb-core] [qb-core:LOG] Kodah PLAYER SAVED!
[      script:qb-core] [qb-core:LOG] Boosted PLAYER SAVED!
